<?xml version="1.0" encoding="UTF-8"?>
<testng-results ignored="0" total="1" passed="1" failed="0" skipped="0">
  <reporter-output>
  </reporter-output>
  <suite started-at="2025-08-22T06:08:10Z" name="Default suite" finished-at="2025-08-22T06:08:13Z" duration-ms="3121">
    <groups>
      <group name="cucumber">
        <method signature="AbstractTestNGCucumberTests.runScenario(cucumber.api.testng.PickleEventWrapper, cucumber.api.testng.CucumberFeatureWrapper)[pri:0, instance:runner.Runner@141e5bef]" name="runScenario" class="cucumber.api.testng.AbstractTestNGCucumberTests"/>
      </group> <!-- cucumber -->
    </groups>
    <test started-at="2025-08-22T06:08:10Z" name="Default test" finished-at="2025-08-22T06:08:13Z" duration-ms="3121">
      <class name="runner.Runner">
        <test-method is-config="true" signature="setUpClass()[pri:0, instance:runner.Runner@141e5bef]" started-at="2025-08-22T06:08:10Z" name="setUpClass" finished-at="2025-08-22T06:08:10Z" duration-ms="95" status="PASS">
          <reporter-output>
          </reporter-output>
        </test-method> <!-- setUpClass -->
        <test-method signature="runScenario(cucumber.api.testng.PickleEventWrapper, cucumber.api.testng.CucumberFeatureWrapper)[pri:0, instance:runner.Runner@141e5bef]" started-at="2025-08-22T06:08:10Z" name="runScenario" description="Runs Cucumber Scenarios" data-provider="scenarios" finished-at="2025-08-22T06:08:13Z" duration-ms="2968" status="PASS">
          <params>
            <param index="0">
              <value>
                <![CDATA["Login with invalid credentials"]]>
              </value>
            </param>
            <param index="1">
              <value>
                <![CDATA["To validate the error message in login functionality"]]>
              </value>
            </param>
          </params>
          <reporter-output>
          </reporter-output>
        </test-method> <!-- runScenario -->
        <test-method is-config="true" signature="tearDownClass()[pri:0, instance:runner.Runner@141e5bef]" started-at="2025-08-22T06:08:13Z" name="tearDownClass" finished-at="2025-08-22T06:08:13Z" duration-ms="7" status="PASS">
          <reporter-output>
          </reporter-output>
        </test-method> <!-- tearDownClass -->
      </class> <!-- runner.Runner -->
    </test> <!-- Default test -->
  </suite> <!-- Default suite -->
</testng-results>
